2025-12-08 18:55:26,011 - __main__ - INFO - Starting import of Comdirect tax detail file: steuerlichedetailansichtexport_9772900462_20251205-1606.csv
2025-12-08 18:57:21,477 - __main__ - INFO - Starting import of Comdirect tax detail file: steuerlichedetailansichtexport_9772900462_20251205-1606.csv
2025-12-08 18:57:21,520 - __main__ - INFO - Successfully imported 275 records from steuerlichedetailansichtexport_9772900462_20251205-1606.csv
2025-12-08 18:57:21,520 - __main__ - INFO - Data loaded into: comdirect_tax_detail_staging
2025-12-08 21:10:43,156 - __main__ - INFO - Starting import of Comdirect tax detail file: steuerlichedetailansichtexport_9772900462_20251205-1606.csv
2025-12-08 21:10:43,269 - __main__ - INFO - Successfully imported 275 records from steuerlichedetailansichtexport_9772900462_20251205-1606.csv
2025-12-08 21:10:43,269 - __main__ - INFO - Data loaded into: comdirect_tax_detail_staging
2025-12-08 21:13:22,455 - __main__ - INFO - Starting import of Comdirect tax detail file: steuerlichedetailansichtexport_9772900462_20251205-1606.csv
2025-12-08 21:13:22,497 - __main__ - INFO - Successfully imported 275 records from steuerlichedetailansichtexport_9772900462_20251205-1606.csv
2025-12-08 21:13:22,498 - __main__ - INFO - Data loaded into: comdirect_tax_detail_staging
2025-12-08 21:16:17,745 - __main__ - INFO - Starting import of Comdirect transactions file: abrechnungsdaten_comdirect_20251205.csv
2025-12-08 21:17:03,703 - __main__ - INFO - Starting import of Comdirect transactions file: abrechnungsdaten_comdirect_20251205.csv
2025-12-08 21:17:03,726 - __main__ - INFO - Successfully imported 100 records from abrechnungsdaten_comdirect_20251205.csv
2025-12-08 21:17:03,727 - __main__ - INFO - Data loaded into: comdirect_transactions_staging
2025-12-08 21:42:04,719 - __main__ - INFO - Starting import of Comdirect transactions file: abrechnungsdaten_comdirect_20251205.csv
2025-12-08 21:42:04,981 - __main__ - INFO - Successfully imported 100 records from abrechnungsdaten_comdirect_20251205.csv
2025-12-08 21:42:04,982 - __main__ - INFO - Data loaded into: comdirect_transactions_staging
2025-12-08 21:46:24,145 - __main__ - INFO - Starting import of TradeRepublic transactions file: traderepublic_transactions.csv
2025-12-08 21:50:48,312 - __main__ - INFO - Starting import of TradeRepublic transactions file: traderepublic_transactions.csv
2025-12-08 21:50:48,346 - __main__ - INFO - Successfully imported 114 records from traderepublic_transactions.csv
2025-12-08 21:50:48,346 - __main__ - INFO - Data loaded into: traderepublic_transactions_staging
2025-12-08 21:55:34,396 - __main__ - INFO - Starting import of TradeRepublic transactions file: traderepublic_transactions.csv
2025-12-08 21:55:34,429 - __main__ - INFO - Successfully imported 114 records from traderepublic_transactions.csv
2025-12-08 21:55:34,429 - __main__ - INFO - Data loaded into: traderepublic_transactions_staging
2025-12-08 22:05:37,357 - __main__ - INFO - Starting import of TradeRepublic transactions file: traderepublic_transactions.csv
2025-12-08 22:08:48,885 - __main__ - INFO - Starting import of TradeRepublic transactions file: traderepublic_transactions.csv
2025-12-08 22:08:48,904 - __main__ - INFO - Successfully imported 114 records from traderepublic_transactions.csv
2025-12-08 22:08:48,904 - __main__ - INFO - Data loaded into: traderepublic_transactions_staging
2025-12-08 22:14:38,676 - __main__ - INFO - Starting import of TradeRepublic transactions file: traderepublic_transactions.csv
2025-12-08 22:14:38,696 - __main__ - INFO - Successfully imported 114 records from traderepublic_transactions.csv
2025-12-08 22:14:38,696 - __main__ - INFO - Data loaded into: traderepublic_transactions_staging
2025-12-08 22:56:51,545 - __main__ - INFO - Starting import of TradeRepublic transactions file: traderepublic_transactions.csv
2025-12-08 22:56:51,575 - __main__ - INFO - Successfully imported 114 records from traderepublic_transactions.csv
2025-12-08 22:56:51,576 - __main__ - INFO - Data loaded into: traderepublic_transactions_staging
